<?xml version="1.0" encoding="UTF-8"?>
<!-- Generated by org.testng.reporters.JUnitReportReporter -->
<testsuite skipped="0" hostname="BLRDRIGWN24024" name="com.testRunner.TestRunner" tests="1" failures="0" timestamp="29 Feb 2020 12:39:22 GMT" time="26.913" errors="0">
  <testcase name="runScenario" time="26.913" classname="com.testRunner.TestRunner"/>
</testsuite> <!-- com.testRunner.TestRunner -->
