<?xml version="1.0" encoding="UTF-8"?>
<!-- Generated by org.testng.reporters.JUnitReportReporter -->
<testsuite skipped="0" hostname="BLRDRIGWN24024" name="com.testRunner.TestRunner" tests="1" failures="0" timestamp="03 Mar 2020 05:27:50 GMT" time="26.053" errors="0">
  <testcase name="runScenario" time="26.053" classname="com.testRunner.TestRunner"/>
</testsuite> <!-- com.testRunner.TestRunner -->
